<?xml version="1.0" encoding="UTF-8" ?>
<!--

    Copyright 2006 The Apache Software Foundation

    Licensed under the Apache License, Version 2.0 (the "License");
    you may not use this file except in compliance with the License.
    You may obtain a copy of the License at

       http://www.apache.org/licenses/LICENSE-2.0

    Unless required by applicable law or agreed to in writing, software
    distributed under the License is distributed on an "AS IS" BASIS,
    WITHOUT WARRANTIES OR CONDITIONS OF ANY KIND, either express or implied.
    See the License for the specific language governing permissions and
    limitations under the License.
-->

<!-- $Rev$ $Date$ -->

<project name="test-setup" default="default" basedir=".">

  <target name="default">
    <!-- Build test-ejb-jar.jar -->
    <antcall target="setupEar">
      <param name="ear.src.base.dir" value="${basedir}/src"/>
      <param name="ear.target.base.dir" value="${basedir}/target"/>
    </antcall>

        <!-- Build test-ear.ear -->
        <jar destfile="${basedir}/target/test-ear.ear" >
            <fileset dir="${basedir}/target">
                <include name="test-ejb-jar.jar"/>
            </fileset>

            <fileset dir="${basedir}/src/test-ear">
                <include name="META-INF/*"/>
            </fileset>
        </jar>
        <!-- Build test-ant.ear -->
        <jar destfile="${basedir}/target/test-ant.ear">
            <fileset dir="${basedir}/target">
                <include name="test-ejb-jar.jar"/>
            </fileset>

            <fileset dir="${basedir}/src/test-ant">
                <include name="META-INF/*"/>
            </fileset>
        </jar>
  </target>

  <target name="setupEar">
    <mkdir dir="${ear.target.base.dir}/test-ejb-jar/META-INF"/>
    <copy todir="${ear.target.base.dir}/test-ejb-jar/META-INF">
      <fileset dir="${ear.src.base.dir}/test-ejb-jar/META-INF"/>
    </copy>

    <replace file="classpath.properties" token="\" value="/"/>
    <replace file="classpath.properties" token=", " value=";"/>
    <replace file="classpath.properties" token="[" value=""/>
    <replace file="classpath.properties" token="] " value=""/>
    <loadproperties srcFile="classpath.properties">
      <filterchain>
        <linecontains>
          <contains value="classpath"/>
        </linecontains>
      </filterchain>
    </loadproperties>
    <javac srcdir="${ear.src.base.dir}/test-ejb-jar"
            destdir="${ear.target.base.dir}/test-ejb-jar"
            source="${maven.compile.source}"
            target="${maven.compile.target}"
            debug="on"
            fork="true">
      <classpath path="${classpath}" />
    </javac>
    <!-- build test-ejb-jar -->
    <jar destfile="${ear.target.base.dir}/test-ejb-jar.jar" basedir="${ear.target.base.dir}/test-ejb-jar"/>
  </target>
</project>
